  MeshLoader.cpp
C:\Users\munee\source\repos\VulkanStartingOut\MeshLoader.cpp(79,57): warning C4267: 'initializing': conversion from 'size_t' to 'int', possible loss of data
C:\Users\munee\source\repos\VulkanStartingOut\MeshLoader.cpp(86,57): warning C4267: 'initializing': conversion from 'size_t' to 'int', possible loss of data
C:\Users\munee\source\repos\VulkanStartingOut\MeshLoader.cpp(93,57): warning C4267: 'initializing': conversion from 'size_t' to 'int', possible loss of data
  VulkanStartingOut.cpp
C:\Users\munee\source\repos\VulkanStartingOut\VulkanStartingOut.cpp(684,42): warning C4101: 'err': unreferenced local variable
  Generating Code...
glfw3.lib(context.obj) : warning LNK4099: PDB 'glfw.pdb' was not found with 'glfw3.lib(context.obj)' or at 'C:\Users\munee\source\repos\VulkanStartingOut\x64\Debug\glfw.pdb'; linking object as if no debug info
glfw3.lib(init.obj) : warning LNK4099: PDB 'glfw.pdb' was not found with 'glfw3.lib(init.obj)' or at 'C:\Users\munee\source\repos\VulkanStartingOut\x64\Debug\glfw.pdb'; linking object as if no debug info
glfw3.lib(input.obj) : warning LNK4099: PDB 'glfw.pdb' was not found with 'glfw3.lib(input.obj)' or at 'C:\Users\munee\source\repos\VulkanStartingOut\x64\Debug\glfw.pdb'; linking object as if no debug info
glfw3.lib(monitor.obj) : warning LNK4099: PDB 'glfw.pdb' was not found with 'glfw3.lib(monitor.obj)' or at 'C:\Users\munee\source\repos\VulkanStartingOut\x64\Debug\glfw.pdb'; linking object as if no debug info
glfw3.lib(vulkan.obj) : warning LNK4099: PDB 'glfw.pdb' was not found with 'glfw3.lib(vulkan.obj)' or at 'C:\Users\munee\source\repos\VulkanStartingOut\x64\Debug\glfw.pdb'; linking object as if no debug info
glfw3.lib(window.obj) : warning LNK4099: PDB 'glfw.pdb' was not found with 'glfw3.lib(window.obj)' or at 'C:\Users\munee\source\repos\VulkanStartingOut\x64\Debug\glfw.pdb'; linking object as if no debug info
glfw3.lib(win32_init.obj) : warning LNK4099: PDB 'glfw.pdb' was not found with 'glfw3.lib(win32_init.obj)' or at 'C:\Users\munee\source\repos\VulkanStartingOut\x64\Debug\glfw.pdb'; linking object as if no debug info
glfw3.lib(win32_joystick.obj) : warning LNK4099: PDB 'glfw.pdb' was not found with 'glfw3.lib(win32_joystick.obj)' or at 'C:\Users\munee\source\repos\VulkanStartingOut\x64\Debug\glfw.pdb'; linking object as if no debug info
glfw3.lib(win32_monitor.obj) : warning LNK4099: PDB 'glfw.pdb' was not found with 'glfw3.lib(win32_monitor.obj)' or at 'C:\Users\munee\source\repos\VulkanStartingOut\x64\Debug\glfw.pdb'; linking object as if no debug info
glfw3.lib(win32_time.obj) : warning LNK4099: PDB 'glfw.pdb' was not found with 'glfw3.lib(win32_time.obj)' or at 'C:\Users\munee\source\repos\VulkanStartingOut\x64\Debug\glfw.pdb'; linking object as if no debug info
glfw3.lib(win32_thread.obj) : warning LNK4099: PDB 'glfw.pdb' was not found with 'glfw3.lib(win32_thread.obj)' or at 'C:\Users\munee\source\repos\VulkanStartingOut\x64\Debug\glfw.pdb'; linking object as if no debug info
glfw3.lib(win32_window.obj) : warning LNK4099: PDB 'glfw.pdb' was not found with 'glfw3.lib(win32_window.obj)' or at 'C:\Users\munee\source\repos\VulkanStartingOut\x64\Debug\glfw.pdb'; linking object as if no debug info
glfw3.lib(wgl_context.obj) : warning LNK4099: PDB 'glfw.pdb' was not found with 'glfw3.lib(wgl_context.obj)' or at 'C:\Users\munee\source\repos\VulkanStartingOut\x64\Debug\glfw.pdb'; linking object as if no debug info
glfw3.lib(egl_context.obj) : warning LNK4099: PDB 'glfw.pdb' was not found with 'glfw3.lib(egl_context.obj)' or at 'C:\Users\munee\source\repos\VulkanStartingOut\x64\Debug\glfw.pdb'; linking object as if no debug info
glfw3.lib(osmesa_context.obj) : warning LNK4099: PDB 'glfw.pdb' was not found with 'glfw3.lib(osmesa_context.obj)' or at 'C:\Users\munee\source\repos\VulkanStartingOut\x64\Debug\glfw.pdb'; linking object as if no debug info
  VulkanStartingOut.vcxproj -> C:\Users\munee\source\repos\VulkanStartingOut\x64\Debug\VulkanStartingOut.exe
